<?xml version="1.0" encoding="UTF-8"?>
<!-- Generated by org.testng.reporters.JUnitXMLReporter -->
<testsuite ignored="2" hostname="INLEN8520016265" failures="0" tests="2" name="GRP-regression" time="0.038" errors="0" timestamp="2022-09-21T10:54:54 IST">
  <testcase classname="com.model.TestGroups" name="test1" time="0.009"/>
  <testcase classname="com.model.TestGroups" name="test4" time="0.0"/>
  <testcase classname="com.model.TestGroups" name="test3" time="0.0">
    <ignored/>
  </testcase> <!-- test3 -->
  <testcase classname="com.model.TestGroups" name="test2" time="0.0">
    <ignored/>
  </testcase> <!-- test2 -->
</testsuite> <!-- GRP-regression -->
