<?xml version="1.0" encoding="UTF-8"?>
<!-- Generated by org.testng.reporters.JUnitXMLReporter -->
<testsuite ignored="1" hostname="INLEN8520016265" failures="0" tests="3" name="GRP-bvt" time="0.082" errors="0" timestamp="2022-09-20T17:04:22 IST">
  <testcase classname="com.model.TestGroups" name="test1" time="0.013"/>
  <testcase classname="com.model.TestGroups" name="test3" time="0.002"/>
  <testcase classname="com.model.TestGroups" name="test2" time="0.001"/>
  <testcase classname="com.model.TestGroups" name="test4" time="0.0">
    <ignored/>
  </testcase> <!-- test4 -->
</testsuite> <!-- GRP-bvt -->
