<?xml version="1.0" encoding="UTF-8"?>
<!-- Generated by org.testng.reporters.JUnitXMLReporter -->
<testsuite ignored="0" hostname="INLEN8520016265" failures="0" tests="4" name="Test" time="0.059" errors="0" timestamp="2022-10-13T11:33:57 IST">
  <testcase classname="com.model.TestGroups1" name="test1" time="0.009"/>
  <testcase classname="com.model.TestGroups1" name="test3" time="0.001"/>
  <testcase classname="com.model.TestGroups1" name="test4" time="0.001"/>
  <testcase classname="com.model.TestGroups1" name="test2" time="0.0"/>
</testsuite> <!-- Test -->
