<?xml version="1.0" encoding="UTF-8"?>
<!-- Generated by org.testng.reporters.JUnitXMLReporter -->
<testsuite ignored="0" hostname="INLEN8520016265" failures="0" tests="6" name="Regression" time="0.075" errors="0" timestamp="2022-09-20T17:34:07 IST">
  <testcase classname="com.model.TestGroups" name="test1" time="0.009"/>
  <testcase classname="com.model.TestGroups" name="test3" time="0.002"/>
  <testcase classname="com.model.TestGroups" name="test4" time="0.001"/>
  <testcase classname="com.model.TestGroups" name="test2" time="0.002"/>
  <testcase classname="com.model.LoginTest" name="test1" time="0.001"/>
  <testcase classname="com.model.LoginTest" name="test2" time="0.001"/>
</testsuite> <!-- Regression -->
