<?xml version="1.0" encoding="UTF-8"?>
<!-- Generated by org.testng.reporters.JUnitXMLReporter -->
<testsuite ignored="3" hostname="INLEN8520016265" failures="0" tests="2" name="Regression Test" time="0.071" errors="0" timestamp="2022-09-20T17:52:13 IST">
  <testcase classname="com.model.TestGroups" name="test1" time="0.014"/>
  <testcase classname="com.model.TestGroups" name="test4" time="0.001"/>
  <testcase classname="com.model.TestGroups" name="test3" time="0.0">
    <ignored/>
  </testcase> <!-- test3 -->
  <testcase classname="com.model.TitleTest" name="verifyTitleTest" time="0.0">
    <ignored/>
  </testcase> <!-- verifyTitleTest -->
  <testcase classname="com.model.TestGroups" name="test2" time="0.0">
    <ignored/>
  </testcase> <!-- test2 -->
</testsuite> <!-- Regression Test -->
