<?xml version="1.0" encoding="UTF-8"?>
<!-- Generated by org.testng.reporters.JUnitXMLReporter -->
<testsuite ignored="0" hostname="INLEN8520016265" failures="0" tests="8" name="Fuctional" time="10.203" errors="0" timestamp="2022-09-20T17:42:19 IST">
  <testcase classname="com.model.TestGroups" name="test1" time="0.008"/>
  <testcase classname="com.model.TestGroups" name="test3" time="0.002"/>
  <testcase classname="com.model.TestGroups" name="test4" time="0.001"/>
  <testcase classname="com.model.TestGroups" name="test2" time="0.001"/>
  <testcase classname="com.model.TitleTest" name="verifyTitleTest" time="6.181"/>
  <testcase classname="com.model.LoginTest" name="test1" time="0.002"/>
  <testcase classname="com.model.LoginTest" name="test2" time="0.001"/>
  <testcase classname="com.model.SoftAssertTest" name="verifyTitleTest" time="3.943"/>
</testsuite> <!-- Fuctional -->
