<?xml version="1.0" encoding="UTF-8"?>
<testng-results ignored="0" total="1" passed="1" failed="0" skipped="0">
  <reporter-output>
  </reporter-output>
  <suite started-at="2022-10-13T11:41:10 IST" name="Default suite" finished-at="2022-10-13T11:41:19 IST" duration-ms="8534">
    <groups>
    </groups>
    <test started-at="2022-10-13T11:41:10 IST" name="Default test" finished-at="2022-10-13T11:41:19 IST" duration-ms="8534">
      <class name="com.model.TitleTest">
        <test-method signature="verifyTitleTest()[pri:0, instance:com.model.TitleTest@57d7f8ca]" started-at="2022-10-13T11:41:10 IST" name="verifyTitleTest" finished-at="2022-10-13T11:41:19 IST" duration-ms="8490" status="PASS">
          <reporter-output>
          </reporter-output>
        </test-method> <!-- verifyTitleTest -->
      </class> <!-- com.model.TitleTest -->
    </test> <!-- Default test -->
  </suite> <!-- Default suite -->
</testng-results>
